<?xml version="1.0" encoding="UTF-8"?>
<testsuites name="jest tests" tests="2" failures="0" time="5.668">
  <testsuite name="Query.chat" errors="0" failures="0" skipped="0" timestamp="2020-05-13T06:39:57" time="3.785" tests="1">
    <testcase classname="Query.chat should fetch specified chat" name="Query.chat should fetch specified chat" time="0.044">
    </testcase>
  </testsuite>
  <testsuite name="Query.chats" errors="0" failures="0" skipped="0" timestamp="2020-05-13T06:39:57" time="3.793" tests="1">
    <testcase classname="Query.chats should fetch all chats" name="Query.chats should fetch all chats" time="0.042">
    </testcase>
  </testsuite>
</testsuites>