<?xml version="1.0" encoding="UTF-8"?>
<testsuites name="jest tests" tests="3" failures="0" time="6.18">
  <testsuite name="Query.chat" errors="0" failures="0" skipped="0" timestamp="2020-05-15T06:44:38" time="4.118" tests="1">
    <testcase classname="Query.chat should fetch specified chat" name="Query.chat should fetch specified chat" time="0.056">
    </testcase>
  </testsuite>
  <testsuite name="Mutation.addMessage" errors="0" failures="0" skipped="0" timestamp="2020-05-15T06:44:38" time="4.114" tests="1">
    <testcase classname="Mutation.addMessage should add message to specified chat" name="Mutation.addMessage should add message to specified chat" time="0.05">
    </testcase>
  </testsuite>
  <testsuite name="Query.chats" errors="0" failures="0" skipped="0" timestamp="2020-05-15T06:44:38" time="4.166" tests="1">
    <testcase classname="Query.chats should fetch all chats" name="Query.chats should fetch all chats" time="0.052">
    </testcase>
  </testsuite>
</testsuites>